<?xml version="1.0" encoding="UTF-8"?>
<!-- Generated by org.testng.reporters.JUnitReportReporter -->
<testsuite skipped="0" hostname="DM" name="tests.TestRun" tests="1" failures="0" timestamp="2020-11-08T12:22:54 EET" time="18.056" errors="0">
  <testcase name="getURL" time="18.056" classname="tests.TestRun"/>
  <system-out/>
</testsuite> <!-- tests.TestRun -->
