<?xml version="1.0" encoding="UTF-8"?>
<!-- Generated by org.testng.reporters.JUnitReportReporter -->
<testsuite skipped="0" hostname="DM" name="tests.TestRun" tests="1" failures="0" timestamp="2020-09-27T16:11:22 EET" time="23.257" errors="0">
  <testcase name="getURL" time="23.257" classname="tests.TestRun"/>
  <system-out/>
</testsuite> <!-- tests.TestRun -->
